0 info it worked if it ends with ok
1 verbose cli [ '/Users/andrewaxton/.nvm/versions/node/v6.0.0/bin/node',
1 verbose cli   '/Users/andrewaxton/.nvm/versions/node/v6.0.0/bin/npm',
1 verbose cli   'run',
1 verbose cli   'build' ]
2 info using npm@3.8.6
3 info using node@v6.0.0
4 verbose run-script [ 'prebuild', 'build', 'postbuild' ]
5 info lifecycle flat-web-starter@1.0.0~prebuild: flat-web-starter@1.0.0
6 silly lifecycle flat-web-starter@1.0.0~prebuild: no script for prebuild, continuing
7 info lifecycle flat-web-starter@1.0.0~build: flat-web-starter@1.0.0
8 verbose lifecycle flat-web-starter@1.0.0~build: unsafe-perm in lifecycle true
9 verbose lifecycle flat-web-starter@1.0.0~build: PATH: /Users/andrewaxton/.nvm/versions/node/v6.0.0/lib/node_modules/npm/bin/node-gyp-bin:/Users/andrewaxton/projects/portfolio/node_modules/.bin:/Users/andrewaxton/.nvm/versions/node/v6.0.0/bin:/opt/local/bin:/opt/local/sbin:/Users/andrewaxton/.nvm/versions/node/v6.0.0/bin:/usr/local/heroku/bin:/Users/andrewaxton/Library/Android/sdk/tools:/Users/andrewaxton/Library/Android/sdk/platform-tools:/Applications/MAMP/bin/php/php5.6.7/bin:/usr/local/bin:/usr/bin:/bin:/usr/sbin:/sbin:/usr/local/mongodb/bin
10 verbose lifecycle flat-web-starter@1.0.0~build: CWD: /Users/andrewaxton/projects/portfolio
11 silly lifecycle flat-web-starter@1.0.0~build: Args: [ '-c', 'node build.js' ]
12 silly lifecycle flat-web-starter@1.0.0~build: Returned: code: 1  signal: null
13 info lifecycle flat-web-starter@1.0.0~build: Failed to exec build script
14 verbose stack Error: flat-web-starter@1.0.0 build: `node build.js`
14 verbose stack Exit status 1
14 verbose stack     at EventEmitter.<anonymous> (/Users/andrewaxton/.nvm/versions/node/v6.0.0/lib/node_modules/npm/lib/utils/lifecycle.js:239:16)
14 verbose stack     at emitTwo (events.js:106:13)
14 verbose stack     at EventEmitter.emit (events.js:191:7)
14 verbose stack     at ChildProcess.<anonymous> (/Users/andrewaxton/.nvm/versions/node/v6.0.0/lib/node_modules/npm/lib/utils/spawn.js:24:14)
14 verbose stack     at emitTwo (events.js:106:13)
14 verbose stack     at ChildProcess.emit (events.js:191:7)
14 verbose stack     at maybeClose (internal/child_process.js:850:16)
14 verbose stack     at Process.ChildProcess._handle.onexit (internal/child_process.js:215:5)
15 verbose pkgid flat-web-starter@1.0.0
16 verbose cwd /Users/andrewaxton/projects/portfolio
17 error Darwin 15.6.0
18 error argv "/Users/andrewaxton/.nvm/versions/node/v6.0.0/bin/node" "/Users/andrewaxton/.nvm/versions/node/v6.0.0/bin/npm" "run" "build"
19 error node v6.0.0
20 error npm  v3.8.6
21 error code ELIFECYCLE
22 error flat-web-starter@1.0.0 build: `node build.js`
22 error Exit status 1
23 error Failed at the flat-web-starter@1.0.0 build script 'node build.js'.
23 error Make sure you have the latest version of node.js and npm installed.
23 error If you do, this is most likely a problem with the flat-web-starter package,
23 error not with npm itself.
23 error Tell the author that this fails on your system:
23 error     node build.js
23 error You can get information on how to open an issue for this project with:
23 error     npm bugs flat-web-starter
23 error Or if that isn't available, you can get their info via:
23 error     npm owner ls flat-web-starter
23 error There is likely additional logging output above.
24 verbose exit [ 1, true ]
